2024-10-18T16:54:58.128+0800	FATAL	user/main.go:32	context deadline exceeded
2024-10-21T16:16:03.305+0800	FATAL	db/init.go:53	Error 1050 (42S01): Table 'users' already exists
2024-10-21T16:24:08.737+0800	FATAL	db/init.go:61	Error 1050 (42S01): Table 'users' already exists
2024-10-21T16:26:26.265+0800	FATAL	db/init.go:62	Error 1050 (42S01): Table 'users' already exists
2024-10-21T16:29:46.844+0800	FATAL	db/init.go:62	Error 1050 (42S01): Table 'users' already exists
2024-10-21T16:33:43.815+0800	FATAL	db/init.go:62	Error 1050 (42S01): Table 'users' already exists
2024-10-21T20:36:40.097+0800	ERROR	service/handler.go:24	Error 1146 (42S02): Table 'wgxTiktok.users' doesn't exist
2024-10-21T20:38:19.200+0800	ERROR	service/handler.go:24	Error 1146 (42S02): Table 'wgxTiktok.users' doesn't exist
2024-10-21T20:44:23.325+0800	ERROR	service/handler.go:24	Error 1146 (42S02): Table 'wgxTiktok.users' doesn't exist
2024-10-21T20:47:57.462+0800	ERROR	service/handler.go:24	Error 1146 (42S02): Table 'wgxTiktok.users' doesn't exist
2024-10-21T20:47:59.141+0800	ERROR	service/handler.go:24	Error 1146 (42S02): Table 'wgxTiktok.users' doesn't exist
2024-10-21T20:48:00.089+0800	ERROR	service/handler.go:24	Error 1146 (42S02): Table 'wgxTiktok.users' doesn't exist
2024-10-21T20:48:01.004+0800	ERROR	service/handler.go:24	Error 1146 (42S02): Table 'wgxTiktok.users' doesn't exist
2024-10-21T20:48:01.854+0800	ERROR	service/handler.go:24	Error 1146 (42S02): Table 'wgxTiktok.users' doesn't exist
2024-10-21T20:48:02.661+0800	ERROR	service/handler.go:24	Error 1146 (42S02): Table 'wgxTiktok.users' doesn't exist
2024-10-21T20:48:03.470+0800	ERROR	service/handler.go:24	Error 1146 (42S02): Table 'wgxTiktok.users' doesn't exist
2024-10-21T20:49:11.129+0800	ERROR	service/handler.go:31	该用户名已存在:123
2024-10-25T15:39:40.642+0800	ERROR	service/handler.go:24	Error 1146 (42S02): Table 'wgxTiktok.users' doesn't exist
2024-10-25T15:39:58.709+0800	ERROR	service/handler.go:24	Error 1146 (42S02): Table 'wgxTiktok.users' doesn't exist
2024-10-26T16:20:28.371+0800	FATAL	user/main.go:32	context deadline exceeded
2024-11-22T14:58:33.080+0800	ERROR	service/handler.go:24	Error 1146 (42S02): Table 'wgxTiktok.users' doesn't exist
2024-11-25T16:39:29.450+0800	FATAL	user/main.go:28	wgxDouYinUserServer failed get private key.
2024-11-25T16:40:02.020+0800	FATAL	user/main.go:28	wgxDouYinUserServer failed get private key.
2024-11-25T16:43:47.941+0800	FATAL	user/main.go:28	wgxDouYinUserServer failed get private key.
2024-11-25T16:46:04.702+0800	FATAL	user/main.go:28	wgxDouYinUserServer failed get private key.
2024-11-25T16:46:20.453+0800	FATAL	user/main.go:28	wgxDouYinUserServer failed get private key.
2024-11-25T16:47:55.857+0800	FATAL	user/main.go:28	wgxDouYinUserServer failed get private key.
2024-11-25T16:54:40.531+0800	FATAL	user/main.go:28	wgxDouYinUserServer failed get private key.
2024-11-25T16:54:56.242+0800	FATAL	user/main.go:28	wgxDouYinUserServer failed get private key.
2024-11-25T16:55:33.909+0800	FATAL	user/main.go:28	wgxDouYinUserServer failed get private key.
2024-11-25T16:57:54.643+0800	FATAL	user/main.go:29	wgxDouYinUserServer failed get private key.
2024-11-25T17:02:35.210+0800	FATAL	user/main.go:28	wgxDouYinUserServer failed get private key.
2024-11-25T17:09:40.215+0800	FATAL	user/main.go:28	wgxDouYinUserServer failed get private key.
2024-11-25T17:12:58.774+0800	FATAL	user/main.go:28	wgxDouYinUserServer failed get private key.
2024-11-25T17:13:20.220+0800	FATAL	user/main.go:28	wgxDouYinUserServer failed get private key.
2024-11-25T17:13:44.474+0800	FATAL	user/main.go:28	wgxDouYinUserServer failed get private key.
2024-11-25T17:13:49.700+0800	FATAL	user/main.go:28	wgxDouYinUserServer failed get private key.
2024-11-25T17:14:34.768+0800	FATAL	user/main.go:28	wgxDouYinUserServer failed get private key.
2024-11-25T17:14:51.485+0800	FATAL	user/main.go:28	wgxDouYinUserServer failed get private key.
2024-11-25T17:15:24.696+0800	FATAL	user/main.go:28	wgxDouYinUserServer failed get private key.
2024-11-25T17:16:24.130+0800	FATAL	user/main.go:28	wgxDouYinUserServer failed get private key.
2024-11-25T22:13:15.040+0800	ERROR	service/handler.go:22	Error 1146 (42S02): Table 'wgxtiktok.users' doesn't exist
2024-11-25T22:14:41.870+0800	FATAL	db/init.go:59	invalid connection
2024-11-25T22:18:30.729+0800	FATAL	db/init.go:59	Error 1050 (42S01): Table 'users' already exists
2024-11-25T22:23:01.787+0800	FATAL	db/init.go:59	Error 1050 (42S01): Table 'users' already exists
2024-11-25T22:24:33.999+0800	ERROR	service/handler.go:29	该用户名已存在:test2
2024-11-25T22:24:42.000+0800	ERROR	service/handler.go:29	该用户名已存在:test2
2024-11-25T22:30:33.398+0800	ERROR	service/handler.go:29	该用户名已存在:test2
2024-11-25T22:35:33.214+0800	ERROR	service/handler.go:29	该用户名已存在:test2
2024-11-25T22:36:08.027+0800	ERROR	service/handler.go:29	该用户名已存在:test2
2024-11-25T22:36:39.179+0800	ERROR	service/handler.go:29	该用户名已存在:test2
2024-11-25T22:37:42.992+0800	ERROR	service/handler.go:29	该用户名已存在:test2
